;07:11:42.554 [TestNG-tests-1] INFO  testCases.TC001_AccountRegistrationTest - Validating the expected message
07:11:42.612 [TestNG-tests-2] INFO  testCases.TC001_AccountRegistrationTest - Validating the expected message
07:11:42.649 [TestNG-tests-1] INFO  testCases.TC001_AccountRegistrationTest - ***** Finished TC001_AccountRegistrationTest   ***** 
07:11:42.649 [TestNG-tests-2] INFO  testCases.TC001_AccountRegistrationTest - ***** Finished TC001_AccountRegistrationTest   ***** 
18:01:51.436 [main] DEBUG org.testng.TestNG - suiteXmlPath: "C:\Users\hpk13\eclipse-workspace\OpencartV1356\master.xml"
18:01:51.673 [main] INFO  org.testng.internal.Utils - [TestNG] Running:
  C:\Users\hpk13\eclipse-workspace\OpencartV1356\master.xml

18:02:01.265 [TestNG-tests-1] INFO  testCases.TC002_LoginTest - *Starting TC002_LoginTest*
18:05:02.190 [main] DEBUG org.testng.TestNG - suiteXmlPath: "C:\Users\hpk13\eclipse-workspace\OpencartV1356\master.xml"
18:05:02.422 [main] INFO  org.testng.internal.Utils - [TestNG] Running:
  C:\Users\hpk13\eclipse-workspace\OpencartV1356\master.xml

18:05:07.434 [TestNG-tests-1] INFO  testCases.TC002_LoginTest - *Starting TC002_LoginTest*
18:05:46.339 [main] DEBUG org.testng.TestNG - suiteXmlPath: "C:\Users\hpk13\eclipse-workspace\OpencartV1356\master.xml"
18:05:46.556 [main] INFO  org.testng.internal.Utils - [TestNG] Running:
  C:\Users\hpk13\eclipse-workspace\OpencartV1356\master.xml

18:05:50.253 [TestNG-tests-1] INFO  testCases.TC002_LoginTest - *Starting TC002_LoginTest*
18:07:37.809 [main] DEBUG org.testng.TestNG - suiteXmlPath: "C:\Users\hpk13\eclipse-workspace\OpencartV1356\master.xml"
18:07:38.058 [main] INFO  org.testng.internal.Utils - [TestNG] Running:
  C:\Users\hpk13\eclipse-workspace\OpencartV1356\master.xml

18:07:42.856 [TestNG-tests-1] INFO  testCases.TC002_LoginTest - *Starting TC002_LoginTest*
18:08:52.159 [main] DEBUG org.testng.TestNG - suiteXmlPath: "C:\Users\hpk13\eclipse-workspace\OpencartV1356\master.xml"
18:08:52.379 [main] INFO  org.testng.internal.Utils - [TestNG] Running:
  C:\Users\hpk13\eclipse-workspace\OpencartV1356\master.xml

18:08:55.824 [TestNG-tests-1] INFO  testCases.TC002_LoginTest - *Starting TC002_LoginTest*
18:10:47.616 [main] DEBUG org.testng.TestNG - suiteXmlPath: "C:\Users\hpk13\eclipse-workspace\OpencartV1356\master.xml"
18:10:47.861 [main] INFO  org.testng.internal.Utils - [TestNG] Running:
  C:\Users\hpk13\eclipse-workspace\OpencartV1356\master.xml

18:10:50.891 [main] INFO  testCases.TC002_LoginTest - *Starting TC002_LoginTest*
18:12:25.960 [main] DEBUG org.testng.TestNG - suiteXmlPath: "C:\Users\hpk13\eclipse-workspace\OpencartV1356\master.xml"
18:12:26.181 [main] INFO  org.testng.internal.Utils - [TestNG] Running:
  C:\Users\hpk13\eclipse-workspace\OpencartV1356\master.xml

18:12:30.200 [main] INFO  testCases.TC002_LoginTest - *Starting TC002_LoginTest*
18:14:10.516 [main] DEBUG org.testng.TestNG - suiteXmlPath: "C:\Users\hpk13\eclipse-workspace\OpencartV1356\master.xml"
18:14:10.797 [main] INFO  org.testng.internal.Utils - [TestNG] Running:
  C:\Users\hpk13\eclipse-workspace\OpencartV1356\master.xml

18:14:14.822 [main] INFO  testCases.TC002_LoginTest - *Starting TC002_LoginTest*
18:14:28.611 [main] DEBUG org.testng.TestNG - suiteXmlPath: "C:\Users\hpk13\eclipse-workspace\OpencartV1356\master.xml"
18:14:28.839 [main] INFO  org.testng.internal.Utils - [TestNG] Running:
  C:\Users\hpk13\eclipse-workspace\OpencartV1356\master.xml

18:14:31.421 [main] INFO  testCases.TC002_LoginTest - *Starting TC002_LoginTest*
18:16:11.549 [main] DEBUG org.testng.TestNG - suiteXmlPath: "C:\Users\hpk13\eclipse-workspace\OpencartV1356\master.xml"
18:16:11.764 [main] INFO  org.testng.internal.Utils - [TestNG] Running:
  C:\Users\hpk13\eclipse-workspace\OpencartV1356\master.xml

18:16:16.133 [main] INFO  testCases.TC002_LoginTest - *Starting TC002_LoginTest*
18:19:34.122 [main] DEBUG org.testng.TestNG - suiteXmlPath: "C:\Users\hpk13\eclipse-workspace\OpencartV1356\master.xml"
18:19:34.345 [main] INFO  org.testng.internal.Utils - [TestNG] Running:
  C:\Users\hpk13\eclipse-workspace\OpencartV1356\master.xml

18:19:38.354 [main] INFO  testCases.TC002_LoginTest - *Starting TC002_LoginTest*
18:19:57.682 [main] DEBUG org.testng.TestNG - suiteXmlPath: "C:\Users\hpk13\eclipse-workspace\OpencartV1356\master.xml"
18:19:57.915 [main] INFO  org.testng.internal.Utils - [TestNG] Running:
  C:\Users\hpk13\eclipse-workspace\OpencartV1356\master.xml

18:20:02.191 [main] INFO  testCases.TC002_LoginTest - *Starting TC002_LoginTest*
18:23:15.997 [main] DEBUG org.testng.TestNG - suiteXmlPath: "C:\Users\hpk13\eclipse-workspace\OpencartV1356\master.xml"
18:23:16.222 [main] INFO  org.testng.internal.Utils - [TestNG] Running:
  C:\Users\hpk13\eclipse-workspace\OpencartV1356\master.xml

18:23:20.002 [main] INFO  testCases.TC001_AccountRegistrationTest - ***** Starting TC001_AccountRegistrationTest   *****
18:23:20.147 [main] INFO  testCases.TC001_AccountRegistrationTest - Clicked on MyAccount Link
